<?xml version="1.0" encoding="UTF-8"?>
<testng-results ignored="0" total="1" passed="1" failed="0" skipped="0">
  <reporter-output>
  </reporter-output>
  <suite started-at="2023-01-23T13:30:28 IST" name="Default suite" finished-at="2023-01-23T13:30:28 IST" duration-ms="107">
    <groups>
    </groups>
    <test started-at="2023-01-23T13:30:28 IST" name="Default test" finished-at="2023-01-23T13:30:28 IST" duration-ms="107">
      <class name="APIRequest.FibnocciSeries">
        <test-method signature="PallindromeNum()[pri:0, instance:APIRequest.FibnocciSeries@60015ef5]" started-at="2023-01-23T13:30:28 IST" name="PallindromeNum" finished-at="2023-01-23T13:30:28 IST" duration-ms="14" status="PASS">
          <reporter-output>
          </reporter-output>
        </test-method> <!-- PallindromeNum -->
      </class> <!-- APIRequest.FibnocciSeries -->
    </test> <!-- Default test -->
  </suite> <!-- Default suite -->
</testng-results>
